2017-03-03 15:25:22,667 ERROR error
2017-03-03 15:25:22,668 INFO info
2017-03-03 15:25:22,669 ERROR error
2017-03-03 15:25:22,669 INFO info
2017-03-03 17:02:35,263 ERROR error
2017-03-03 17:02:35,265 INFO info
2017-03-03 17:02:35,265 ERROR error
2017-03-03 17:02:35,266 INFO info
2017-03-03 17:02:35,266 ERROR Catching
java.lang.ArrayIndexOutOfBoundsException: 3
	at com.ituple.logging.tracing.TestService.exampleException(TestService.java:37) [classes/:?]
	at com.ituple.logging.tracing.Main.main(Main.java:9) [classes/:?]
2017-03-03 17:05:11,472 TRACE Enter
2017-03-03 17:05:11,473 ERROR error
2017-03-03 17:05:11,474 INFO info
2017-03-03 17:05:11,474 TRACE Enter
2017-03-03 17:05:11,474 TRACE Exit with(0)
2017-03-03 17:05:11,474 TRACE Enter params(0)
2017-03-03 17:05:11,474 TRACE Exit with(Hello, World)
2017-03-03 17:05:11,474 TRACE Exit with(Hello, World)
2017-03-03 17:05:11,474 TRACE Enter
2017-03-03 17:05:11,474 ERROR error
2017-03-03 17:05:11,474 INFO info
2017-03-03 17:05:11,474 TRACE Enter
2017-03-03 17:05:11,474 TRACE Exit with(1)
2017-03-03 17:05:11,474 TRACE Enter params(1)
2017-03-03 17:05:11,474 TRACE Exit with(Goodbye Cruel World)
2017-03-03 17:05:11,474 TRACE Exit with(Goodbye Cruel World)
2017-03-03 17:25:52,696 TRACE Enter
2017-03-03 17:25:52,698 ERROR error
2017-03-03 17:25:52,698 INFO info
2017-03-03 17:25:52,698 TRACE Enter
2017-03-03 17:25:52,699 TRACE Exit with(0)
2017-03-03 17:26:05,880 TRACE Enter params(0)
2017-03-03 17:26:05,880 TRACE Exit with(Hello, World)
2017-03-03 17:26:05,880 TRACE Exit with(Hello, World)
2017-03-03 17:26:05,880 TRACE Enter
2017-03-03 17:26:05,880 ERROR error
2017-03-03 17:26:05,880 INFO info
2017-03-03 17:26:05,880 TRACE Enter
2017-03-03 17:26:05,880 TRACE Exit with(1)
2017-03-03 17:26:10,803 TRACE Enter params(1)
2017-03-03 17:26:10,803 TRACE Exit with(Goodbye Cruel World)
2017-03-03 17:26:10,803 TRACE Exit with(Goodbye Cruel World)
2017-03-03 17:51:48,435 TRACE Enter
2017-03-03 17:51:48,443 ERROR error
2017-03-03 17:51:48,444 INFO info
2017-03-03 17:51:49,157 TRACE Enter
2017-03-03 17:51:49,158 TRACE Exit with(0)
2017-03-03 17:51:57,318 TRACE Enter params(0)
2017-03-03 17:51:57,318 TRACE Exit with(Hello, World)
2017-03-03 17:51:57,319 TRACE Exit with(Hello, World)
2017-03-03 17:51:58,703 TRACE Enter
2017-03-03 17:51:58,704 ERROR error
2017-03-03 17:51:58,704 INFO info
2017-03-03 17:51:59,255 TRACE Enter
2017-03-03 17:51:59,255 TRACE Exit with(1)
2017-03-03 17:52:02,159 TRACE Enter params(1)
2017-03-03 17:52:02,160 TRACE Exit with(Goodbye Cruel World)
2017-03-03 17:52:02,160 TRACE Exit with(Goodbye Cruel World)
2017-03-03 17:52:29,966 TRACE Enter
2017-03-03 17:52:29,972 ERROR error
2017-03-03 17:52:29,973 INFO info
2017-03-03 17:52:31,635 TRACE Enter
2017-03-03 17:52:31,636 TRACE Exit with(0)
2017-03-03 17:52:55,308 TRACE Enter params(0)
2017-03-03 17:52:55,308 TRACE Exit with(Hello, World)
2017-03-03 17:52:55,308 TRACE Exit with(Hello, World)
2017-03-03 17:52:59,333 TRACE Enter
2017-03-03 17:52:59,333 ERROR error
2017-03-03 17:52:59,333 INFO info
2017-03-03 17:53:01,354 TRACE Enter
2017-03-03 17:53:01,354 TRACE Exit with(1)
2017-03-03 17:53:04,949 TRACE Enter params(1)
2017-03-03 17:53:04,949 TRACE Exit with(Goodbye Cruel World)
2017-03-03 17:53:04,951 TRACE Exit with(Goodbye Cruel World)
2017-03-03 17:56:48,673 TRACE Enter
2017-03-03 17:56:48,676 ERROR error
2017-03-03 17:56:48,676 INFO info
2017-03-03 17:56:50,016 TRACE Enter
2017-03-03 17:56:50,016 TRACE Exit with(0)
2017-03-03 17:57:33,924 TRACE Enter params(0)
2017-03-03 17:57:33,925 TRACE Exit with(Hello, World)
2017-03-03 17:57:33,927 TRACE Exit with(Hello, World)
2017-03-03 17:57:35,389 TRACE Enter
2017-03-03 17:57:35,389 ERROR error
2017-03-03 17:57:35,390 INFO info
2017-03-03 17:57:38,634 TRACE Enter
2017-03-03 17:57:38,634 TRACE Exit with(1)
2017-03-03 17:57:41,578 TRACE Enter params(1)
2017-03-03 17:57:41,580 TRACE Exit with(Goodbye Cruel World)
2017-03-03 17:57:41,580 TRACE Exit with(Goodbye Cruel World)
